02021-03-14 15:40:01.591 [main] INFO  calculator.Calculator - [SQ ROOT] - 3.0
2021-03-14 15:40:01.595 [main] INFO  calculator.Calculator - [RESULT - SQ ROOT] - 1.7320508075688772
2021-03-14 15:40:01.596 [main] INFO  calculator.Calculator - [SQ ROOT] - 4.0
2021-03-14 15:40:01.596 [main] INFO  calculator.Calculator - [RESULT - SQ ROOT] - 2.0
2021-03-14 15:40:01.597 [main] INFO  calculator.Calculator - [NATURAL LOG] - 1.0
2021-03-14 15:40:01.597 [main] INFO  calculator.Calculator - [RESULT - NATURAL LOG] - 0.0
2021-03-14 15:40:01.597 [main] INFO  calculator.Calculator - [NATURAL LOG] - 1.0
2021-03-14 15:40:01.598 [main] INFO  calculator.Calculator - [RESULT - NATURAL LOG] - 0.0
2021-03-14 15:40:01.599 [main] INFO  calculator.Calculator - [POWER - 2.0 RAISED TO] 2.0
2021-03-14 15:40:01.599 [main] INFO  calculator.Calculator - [RESULT - POWER] - 4.0
2021-03-14 15:40:01.599 [main] INFO  calculator.Calculator - [POWER - 2.0 RAISED TO] 3.0
2021-03-14 15:40:01.599 [main] INFO  calculator.Calculator - [RESULT - POWER] - 8.0
2021-03-14 15:40:01.600 [main] INFO  calculator.Calculator - [POWER - 2.0 RAISED TO] 3.0
2021-03-14 15:40:01.600 [main] INFO  calculator.Calculator - [RESULT - POWER] - 8.0
2021-03-14 15:40:01.600 [main] INFO  calculator.Calculator - [POWER - 4.0 RAISED TO] 3.0
2021-03-14 15:40:01.600 [main] INFO  calculator.Calculator - [RESULT - POWER] - 64.0
2021-03-14 15:40:01.601 [main] INFO  calculator.Calculator - [NATURAL LOG] - 2.4
2021-03-14 15:40:01.601 [main] INFO  calculator.Calculator - [RESULT - NATURAL LOG] - 0.8754687373538999
2021-03-14 15:40:01.601 [main] INFO  calculator.Calculator - [NATURAL LOG] - 2.1
2021-03-14 15:40:01.601 [main] INFO  calculator.Calculator - [RESULT - NATURAL LOG] - 0.7419373447293773
2021-03-14 15:40:01.602 [main] INFO  calculator.Calculator - [SQ ROOT] - 4.0
2021-03-14 15:40:01.602 [main] INFO  calculator.Calculator - [RESULT - SQ ROOT] - 2.0
2021-03-14 15:40:01.602 [main] INFO  calculator.Calculator - [SQ ROOT] - 1.0
2021-03-14 15:40:01.603 [main] INFO  calculator.Calculator - [RESULT - SQ ROOT] - 1.0
2022-04-16 13:20:48.870 [main] INFO  calculator.Calculator - [SQ ROOT] - 3.0
2022-04-16 13:20:48.874 [main] INFO  calculator.Calculator - [RESULT - SQ ROOT] - 1.7320508075688772
2022-04-16 13:20:48.875 [main] INFO  calculator.Calculator - [SQ ROOT] - 4.0
2022-04-16 13:20:48.876 [main] INFO  calculator.Calculator - [RESULT - SQ ROOT] - 2.0
2022-04-16 13:20:48.878 [main] INFO  calculator.Calculator - [NATURAL LOG] - 1.0
2022-04-16 13:20:48.879 [main] INFO  calculator.Calculator - [RESULT - NATURAL LOG] - 0.0
2022-04-16 13:20:48.880 [main] INFO  calculator.Calculator - [NATURAL LOG] - 1.0
2022-04-16 13:20:48.881 [main] INFO  calculator.Calculator - [RESULT - NATURAL LOG] - 0.0
2022-04-16 13:20:48.882 [main] INFO  calculator.Calculator - [POWER - 2.0 RAISED TO] 2.0
2022-04-16 13:20:48.883 [main] INFO  calculator.Calculator - [RESULT - POWER] - 4.0
2022-04-16 13:20:48.883 [main] INFO  calculator.Calculator - [POWER - 2.0 RAISED TO] 3.0
2022-04-16 13:20:48.884 [main] INFO  calculator.Calculator - [RESULT - POWER] - 8.0
2022-04-16 13:20:48.886 [main] INFO  calculator.Calculator - [POWER - 2.0 RAISED TO] 3.0
2022-04-16 13:20:48.887 [main] INFO  calculator.Calculator - [RESULT - POWER] - 8.0
2022-04-16 13:20:48.888 [main] INFO  calculator.Calculator - [POWER - 4.0 RAISED TO] 3.0
2022-04-16 13:20:48.889 [main] INFO  calculator.Calculator - [RESULT - POWER] - 64.0
2022-04-16 13:20:48.890 [main] INFO  calculator.Calculator - [NATURAL LOG] - 2.4
2022-04-16 13:20:48.890 [main] INFO  calculator.Calculator - [RESULT - NATURAL LOG] - 0.8754687373538999
2022-04-16 13:20:48.890 [main] INFO  calculator.Calculator - [NATURAL LOG] - 2.1
2022-04-16 13:20:48.892 [main] INFO  calculator.Calculator - [RESULT - NATURAL LOG] - 0.7419373447293773
2022-04-16 13:20:48.893 [main] INFO  calculator.Calculator - [SQ ROOT] - 4.0
2022-04-16 13:20:48.893 [main] INFO  calculator.Calculator - [RESULT - SQ ROOT] - 2.0
2022-04-16 13:20:48.894 [main] INFO  calculator.Calculator - [SQ ROOT] - 1.0
2022-04-16 13:20:48.894 [main] INFO  calculator.Calculator - [RESULT - SQ ROOT] - 1.0
2022-04-16 13:25:05.138 [main] INFO  calculator.Calculator - [SQ ROOT] - -3.0
2022-04-16 13:25:05.141 [main] INFO  calculator.Calculator - [RESULT - SQ ROOT] - NaN
2022-04-16 13:25:05.142 [main] INFO  calculator.Calculator - [SQ ROOT] - 4.0
2022-04-16 13:25:05.142 [main] INFO  calculator.Calculator - [RESULT - SQ ROOT] - 2.0
2022-04-16 13:25:05.143 [main] INFO  calculator.Calculator - [NATURAL LOG] - 1.0
2022-04-16 13:25:05.143 [main] INFO  calculator.Calculator - [RESULT - NATURAL LOG] - 0.0
2022-04-16 13:25:05.144 [main] INFO  calculator.Calculator - [NATURAL LOG] - 1.0
2022-04-16 13:25:05.145 [main] INFO  calculator.Calculator - [RESULT - NATURAL LOG] - 0.0
2022-04-16 13:25:05.146 [main] INFO  calculator.Calculator - [POWER - 2.0 RAISED TO] 2.0
2022-04-16 13:25:05.147 [main] INFO  calculator.Calculator - [RESULT - POWER] - 4.0
2022-04-16 13:25:05.147 [main] INFO  calculator.Calculator - [POWER - 2.0 RAISED TO] 3.0
2022-04-16 13:25:05.147 [main] INFO  calculator.Calculator - [RESULT - POWER] - 8.0
2022-04-16 13:25:05.148 [main] INFO  calculator.Calculator - [POWER - 2.0 RAISED TO] 3.0
2022-04-16 13:25:05.149 [main] INFO  calculator.Calculator - [RESULT - POWER] - 8.0
2022-04-16 13:25:05.149 [main] INFO  calculator.Calculator - [POWER - 4.0 RAISED TO] 3.0
2022-04-16 13:25:05.149 [main] INFO  calculator.Calculator - [RESULT - POWER] - 64.0
2022-04-16 13:25:05.150 [main] INFO  calculator.Calculator - [NATURAL LOG] - 2.4
2022-04-16 13:25:05.150 [main] INFO  calculator.Calculator - [RESULT - NATURAL LOG] - 0.8754687373538999
2022-04-16 13:25:05.151 [main] INFO  calculator.Calculator - [NATURAL LOG] - 2.1
2022-04-16 13:25:05.151 [main] INFO  calculator.Calculator - [RESULT - NATURAL LOG] - 0.7419373447293773
2022-04-16 13:25:05.152 [main] INFO  calculator.Calculator - [SQ ROOT] - 4.0
2022-04-16 13:25:05.152 [main] INFO  calculator.Calculator - [RESULT - SQ ROOT] - 2.0
2022-04-16 13:25:05.153 [main] INFO  calculator.Calculator - [SQ ROOT] - 1.0
2022-04-16 13:25:05.153 [main] INFO  calculator.Calculator - [RESULT - SQ ROOT] - 1.0
2022-04-16 13:26:05.265 [main] INFO  calculator.Calculator - [SQ ROOT] - -3.0
2022-04-16 13:26:05.268 [main] INFO  calculator.Calculator - [RESULT - SQ ROOT] - NaN
2022-04-16 13:26:05.268 [main] INFO  calculator.Calculator - [SQ ROOT] - 4.0
2022-04-16 13:26:05.268 [main] INFO  calculator.Calculator - [RESULT - SQ ROOT] - 2.0
2022-04-16 13:26:05.269 [main] INFO  calculator.Calculator - [NATURAL LOG] - 1.0
2022-04-16 13:26:05.270 [main] INFO  calculator.Calculator - [RESULT - NATURAL LOG] - 0.0
2022-04-16 13:26:05.270 [main] INFO  calculator.Calculator - [NATURAL LOG] - 1.0
2022-04-16 13:26:05.271 [main] INFO  calculator.Calculator - [RESULT - NATURAL LOG] - 0.0
2022-04-16 13:26:05.273 [main] INFO  calculator.Calculator - [POWER - 2.0 RAISED TO] 2.0
2022-04-16 13:26:05.274 [main] INFO  calculator.Calculator - [RESULT - POWER] - 4.0
2022-04-16 13:26:05.274 [main] INFO  calculator.Calculator - [POWER - 2.0 RAISED TO] 3.0
2022-04-16 13:26:05.274 [main] INFO  calculator.Calculator - [RESULT - POWER] - 8.0
2022-04-16 13:26:05.275 [main] INFO  calculator.Calculator - [POWER - 2.0 RAISED TO] 3.0
2022-04-16 13:26:05.275 [main] INFO  calculator.Calculator - [RESULT - POWER] - 8.0
2022-04-16 13:26:05.276 [main] INFO  calculator.Calculator - [POWER - 4.0 RAISED TO] 3.0
2022-04-16 13:26:05.277 [main] INFO  calculator.Calculator - [RESULT - POWER] - 64.0
2022-04-16 13:26:05.278 [main] INFO  calculator.Calculator - [NATURAL LOG] - 2.4
2022-04-16 13:26:05.278 [main] INFO  calculator.Calculator - [RESULT - NATURAL LOG] - 0.8754687373538999
2022-04-16 13:26:05.279 [main] INFO  calculator.Calculator - [NATURAL LOG] - 2.1
2022-04-16 13:26:05.280 [main] INFO  calculator.Calculator - [RESULT - NATURAL LOG] - 0.7419373447293773
2022-04-16 13:26:05.282 [main] INFO  calculator.Calculator - [SQ ROOT] - 4.0
2022-04-16 13:26:05.282 [main] INFO  calculator.Calculator - [RESULT - SQ ROOT] - 2.0
2022-04-16 13:26:05.283 [main] INFO  calculator.Calculator - [SQ ROOT] - 1.0
2022-04-16 13:26:05.284 [main] INFO  calculator.Calculator - [RESULT - SQ ROOT] - 1.0
2022-04-16 13:26:41.056 [main] INFO  calculator.Calculator - [SQ ROOT] - -3.0
2022-04-16 13:26:41.060 [main] INFO  calculator.Calculator - [RESULT - SQ ROOT] - NaN
2022-04-16 13:26:41.061 [main] INFO  calculator.Calculator - [SQ ROOT] - 4.0
2022-04-16 13:26:41.062 [main] INFO  calculator.Calculator - [RESULT - SQ ROOT] - 2.0
2022-04-16 13:26:41.062 [main] INFO  calculator.Calculator - [NATURAL LOG] - 1.0
2022-04-16 13:26:41.063 [main] INFO  calculator.Calculator - [RESULT - NATURAL LOG] - 0.0
2022-04-16 13:26:41.064 [main] INFO  calculator.Calculator - [NATURAL LOG] - 1.0
2022-04-16 13:26:41.065 [main] INFO  calculator.Calculator - [RESULT - NATURAL LOG] - 0.0
2022-04-16 13:26:41.066 [main] INFO  calculator.Calculator - [POWER - 2.0 RAISED TO] 2.0
2022-04-16 13:26:41.067 [main] INFO  calculator.Calculator - [RESULT - POWER] - 4.0
2022-04-16 13:26:41.067 [main] INFO  calculator.Calculator - [POWER - 2.0 RAISED TO] 3.0
2022-04-16 13:26:41.068 [main] INFO  calculator.Calculator - [RESULT - POWER] - 8.0
2022-04-16 13:26:41.069 [main] INFO  calculator.Calculator - [POWER - 2.0 RAISED TO] 3.0
2022-04-16 13:26:41.069 [main] INFO  calculator.Calculator - [RESULT - POWER] - 8.0
2022-04-16 13:26:41.069 [main] INFO  calculator.Calculator - [POWER - 4.0 RAISED TO] 3.0
2022-04-16 13:26:41.069 [main] INFO  calculator.Calculator - [RESULT - POWER] - 64.0
2022-04-16 13:26:41.070 [main] INFO  calculator.Calculator - [NATURAL LOG] - 2.4
2022-04-16 13:26:41.071 [main] INFO  calculator.Calculator - [RESULT - NATURAL LOG] - 0.8754687373538999
2022-04-16 13:26:41.071 [main] INFO  calculator.Calculator - [NATURAL LOG] - 2.1
2022-04-16 13:26:41.071 [main] INFO  calculator.Calculator - [RESULT - NATURAL LOG] - 0.7419373447293773
2022-04-16 13:26:41.072 [main] INFO  calculator.Calculator - [SQ ROOT] - 4.0
2022-04-16 13:26:41.072 [main] INFO  calculator.Calculator - [RESULT - SQ ROOT] - 2.0
2022-04-16 13:26:41.072 [main] INFO  calculator.Calculator - [SQ ROOT] - 1.0
2022-04-16 13:26:41.072 [main] INFO  calculator.Calculator - [RESULT - SQ ROOT] - 1.0
2022-04-16 13:28:25.745 [main] ERROR calculator.Calculator - Cannot find square root
2022-04-16 13:28:25.750 [main] INFO  calculator.Calculator - [SQ ROOT] - -3.0
2022-04-16 13:28:25.750 [main] INFO  calculator.Calculator - [RESULT - SQ ROOT] - NaN
2022-04-16 13:28:25.751 [main] INFO  calculator.Calculator - [SQ ROOT] - 4.0
2022-04-16 13:28:25.751 [main] INFO  calculator.Calculator - [RESULT - SQ ROOT] - 2.0
2022-04-16 13:28:25.751 [main] INFO  calculator.Calculator - [NATURAL LOG] - 1.0
2022-04-16 13:28:25.752 [main] INFO  calculator.Calculator - [RESULT - NATURAL LOG] - 0.0
2022-04-16 13:28:25.753 [main] INFO  calculator.Calculator - [NATURAL LOG] - 1.0
2022-04-16 13:28:25.754 [main] INFO  calculator.Calculator - [RESULT - NATURAL LOG] - 0.0
2022-04-16 13:28:25.756 [main] INFO  calculator.Calculator - [POWER - 2.0 RAISED TO] 2.0
2022-04-16 13:28:25.756 [main] INFO  calculator.Calculator - [RESULT - POWER] - 4.0
2022-04-16 13:28:25.756 [main] INFO  calculator.Calculator - [POWER - 2.0 RAISED TO] 3.0
2022-04-16 13:28:25.757 [main] INFO  calculator.Calculator - [RESULT - POWER] - 8.0
2022-04-16 13:28:25.758 [main] INFO  calculator.Calculator - [POWER - 2.0 RAISED TO] 3.0
2022-04-16 13:28:25.758 [main] INFO  calculator.Calculator - [RESULT - POWER] - 8.0
2022-04-16 13:28:25.759 [main] INFO  calculator.Calculator - [POWER - 4.0 RAISED TO] 3.0
2022-04-16 13:28:25.759 [main] INFO  calculator.Calculator - [RESULT - POWER] - 64.0
2022-04-16 13:28:25.761 [main] INFO  calculator.Calculator - [NATURAL LOG] - 2.4
2022-04-16 13:28:25.761 [main] INFO  calculator.Calculator - [RESULT - NATURAL LOG] - 0.8754687373538999
2022-04-16 13:28:25.761 [main] INFO  calculator.Calculator - [NATURAL LOG] - 2.1
2022-04-16 13:28:25.762 [main] INFO  calculator.Calculator - [RESULT - NATURAL LOG] - 0.7419373447293773
2022-04-16 13:28:25.763 [main] INFO  calculator.Calculator - [SQ ROOT] - 4.0
2022-04-16 13:28:25.764 [main] INFO  calculator.Calculator - [RESULT - SQ ROOT] - 2.0
2022-04-16 13:28:25.764 [main] INFO  calculator.Calculator - [SQ ROOT] - 1.0
2022-04-16 13:28:25.764 [main] INFO  calculator.Calculator - [RESULT - SQ ROOT] - 1.0
